TN:
SF:src/App.tsx
FN:12,App
FNF:1
FNH:1
FNDA:9,App
DA:13,9
LF:1
LH:1
BRF:0
BRH:0
end_of_record
TN:
SF:src/components/About/About.tsx
FN:4,About
FNF:1
FNH:1
FNDA:12,About
DA:5,12
LF:1
LH:1
BRF:0
BRH:0
end_of_record
TN:
SF:src/components/Contact/Contact.tsx
FN:4,Contact
FNF:1
FNH:1
FNDA:12,Contact
DA:5,12
LF:1
LH:1
BRF:0
BRH:0
end_of_record
TN:
SF:src/components/Experience/Experience.tsx
FN:9,Experience
FN:33,(anonymous_1)
FN:65,(anonymous_2)
FNF:3
FNH:3
FNDA:14,Experience
FNDA:70,(anonymous_1)
FNDA:154,(anonymous_2)
DA:10,14
DA:34,70
DA:66,154
LF:3
LH:3
BRF:0
BRH:0
end_of_record
TN:
SF:src/components/Footer/Footer.tsx
FN:1,Footer
FNF:1
FNH:1
FNDA:11,Footer
DA:2,11
LF:1
LH:1
BRF:0
BRH:0
end_of_record
TN:
SF:src/components/Hero/Hero.tsx
FN:4,Hero
FNF:1
FNH:1
FNDA:15,Hero
DA:5,15
LF:1
LH:1
BRF:0
BRH:0
end_of_record
TN:
SF:src/components/Nav/Nav.tsx
FN:11,Nav
FN:12,(anonymous_1)
FN:28,(anonymous_2)
FNF:3
FNH:3
FNDA:15,Nav
FNDA:60,(anonymous_1)
FNDA:60,(anonymous_2)
DA:4,2
DA:12,60
DA:13,15
DA:15,15
DA:29,60
LF:5
LH:5
BRDA:22,0,0,1
BRDA:22,0,1,14
BRDA:34,1,0,15
BRDA:34,1,1,45
BRF:4
BRH:4
end_of_record
TN:
SF:src/components/Projects/Projects.tsx
FN:9,Projects
FN:33,(anonymous_1)
FN:96,(anonymous_2)
FNF:3
FNH:3
FNDA:16,Projects
FNDA:32,(anonymous_1)
FNDA:176,(anonymous_2)
DA:10,16
DA:34,32
DA:97,176
LF:3
LH:3
BRDA:65,0,0,32
BRDA:65,0,1,16
BRF:2
BRH:2
end_of_record
TN:
SF:src/data/experience.ts
FNF:0
FNH:0
DA:3,3
LF:1
LH:1
BRF:0
BRH:0
end_of_record
TN:
SF:src/data/projects.ts
FNF:0
FNH:0
DA:3,3
LF:1
LH:1
BRF:0
BRH:0
end_of_record
TN:
SF:src/hooks/useActiveSection.ts
FN:3,useActiveSection
FN:11,(anonymous_1)
FN:14,(anonymous_2)
FN:17,(anonymous_3)
FN:20,(anonymous_4)
FN:20,(anonymous_5)
FN:22,(anonymous_6)
FN:28,(anonymous_7)
FN:29,(anonymous_8)
FNF:9
FNH:9
FNDA:6,useActiveSection
FNDA:4,(anonymous_1)
FNDA:16,(anonymous_2)
FNDA:4,(anonymous_3)
FNDA:5,(anonymous_4)
FNDA:4,(anonymous_5)
FNDA:9,(anonymous_6)
FNDA:16,(anonymous_7)
FNDA:4,(anonymous_8)
DA:4,6
DA:9,6
DA:11,6
DA:12,4
DA:13,4
DA:14,16
DA:17,4
DA:19,4
DA:20,5
DA:22,9
DA:23,4
DA:28,16
DA:29,4
DA:32,6
LF:14
LH:14
BRDA:23,0,0,3
BRDA:23,0,1,1
BRF:2
BRH:2
end_of_record
TN:
SF:src/hooks/useScrollDirection.ts
FN:3,useScrollDirection
FN:8,(anonymous_1)
FN:10,(anonymous_2)
FN:17,(anonymous_3)
FNF:4
FNH:4
FNDA:4,useScrollDirection
FNDA:3,(anonymous_1)
FNDA:2,(anonymous_2)
FNDA:3,(anonymous_3)
DA:4,4
DA:8,4
DA:9,3
DA:10,3
DA:11,2
DA:12,2
DA:13,2
DA:16,3
DA:17,3
DA:20,4
LF:10
LH:10
BRDA:12,0,0,1
BRDA:12,0,1,1
BRF:2
BRH:2
end_of_record
TN:
SF:src/styles/animations.ts
FNF:0
FNH:0
DA:1,7
DA:10,7
LF:2
LH:2
BRF:0
BRH:0
end_of_record
